Layer 0:
Node (0, 0):
next: (1, 0)    0_node 0_node 0_node 
weight: 1 + 0i  1 + 0i  1 + 0i  1 + 0i  

Layer 1:
Node (1, 0):
next: 1_node 0_node 0_node 0_node 
weight: 1 + 0i  1 + 0i  1 + 0i  1 + 0i  

AFTER APPLYING U GATE
gate weight
(0,0) (1,0) (1,0) (0,0) 
END OF ADDING
Layer 0:
Node (0, 0):
next: (1, 0)    0_node 0_node 0_node 
weight: 1 + 0i  1 + 0i  1 + 0i  1 + 0i  

Layer 1:
Node (1, 0):
next: 1_node 0_node 0_node 0_node 
weight: 1 + 0i  1 + 0i  1 + 0i  1 + 0i  

Node (1, 1):
next: 0_node 0_node 1_node 0_node 
weight: 1 + 0i  1 + 0i  1 + 0i  1 + 0i  

Layer 0:
Node (0, 0):
next: (1, 0)    0_node 0_node 0_node 
weight: 1 + 0i  1 + 0i  1 + 0i  1 + 0i  

Layer 1:
Node (1, 0):
next: 0_node 0_node 1_node 0_node 
weight: 1 + 0i  1 + 0i  1 + 0i  1 + 0i  

END OF ADDING
Layer 0:
Node (0, 0):
next: (1, 0)    0_node 0_node 0_node 
weight: 1 + 0i  1 + 0i  1 + 0i  1 + 0i  

Layer 1:
Node (1, 0):
next: 0_node 0_node 1_node 0_node 
weight: 1 + 0i  1 + 0i  1 + 0i  1 + 0i  

Node (1, 1):
next: 0_node 0_node 0_node 1_node 
weight: 1 + 0i  1 + 0i  1 + 0i  1 + 0i  

Layer 0:
Node (0, 0):
next: (1, 0)    0_node 0_node 0_node 
weight: 1 + 0i  1 + 0i  1 + 0i  1 + 0i  

Layer 1:
Node (1, 0):
next: 0_node 0_node 0_node 1_node 
weight: 1 + 0i  1 + 0i  1 + 0i  1 + 0i  

REVERSE
START APPLY
BEFORE
gate weight
(1,0) (0,0) (0,0) (0,0) 
END OF ADDING
Layer 0:
Node (0, 0):
next: (1, 0)    0_node 0_node 0_node 
weight: 1 + 0i  1 + 0i  1 + 0i  1 + 0i  

Layer 1:
Node (1, 0):
next: 0_node 0_node 0_node 1_node 
weight: 1 + 0i  1 + 0i  1 + 0i  1 + 0i  

Node (1, 1):
next: 0_node 0_node 0_node 0_node 
weight: 1 + 0i  1 + 0i  1 + 0i  1 + 0i  

gate weight
(1,0) (1,0) (1,0) (1,0) 
END OF ADDING
Layer 0:
Node (0, 0):
next: (1, 0)    0_node 0_node 0_node 
weight: 1 + 0i  1 + 0i  1 + 0i  1 + 0i  

Layer 1:
Node (1, 0):
next: 0_node 0_node 0_node 1_node 
weight: 1 + 0i  1 + 0i  1 + 0i  1 + 0i  

Node (1, 1):
next: 0_node 0_node 0_node 0_node 
weight: 1 + 0i  1 + 0i  1 + 0i  1 + 0i  

Layer 0:
Node (0, 0):
next: (1, 0)    0_node 0_node 0_node 
weight: 1 + 0i  1 + 0i  1 + 0i  1 + 0i  

Layer 1:
Node (1, 0):
next: 0_node 0_node 0_node 1_node 
weight: 1 + 0i  1 + 0i  1 + 0i  1 + 0i  

Node (1, 1):
next: 0_node 0_node 0_node 0_node 
weight: 1 + 0i  1 + 0i  1 + 0i  1 + 0i  

